Loading linkphinder data---
Loading external data---
../../comparison/data/linkphinder_raw_data/benchmark9010
../../comparison/data/linkphinder_raw_data/benchmark9010n10
../../comparison/data/linkphinder_raw_data/benchmark9010n1_cutillas20
../../comparison/data/linkphinder_raw_data/benchmark8020
../../comparison/data/linkphinder_raw_data/benchmark8020n10
../../comparison/data/linkphinder_raw_data/benchmark9010n1_cutillas20_filtered
../../comparison/data/linkphinder_raw_data/benchmark6040n10
Loading linkphinder data---
Loading external data---
../../comparison/data/linkphinder_raw_data/benchmark9010
../../comparison/data/linkphinder_raw_data/benchmark9010/61/train.tsv
../../comparison/data/linkphinder_raw_data/benchmark9010/61/scores.csv
../../comparison/data/linkphinder_raw_data/benchmark9010/61/test.tsv
../../comparison/data/linkphinder_raw_data/benchmark9010n10
../../comparison/data/linkphinder_raw_data/benchmark9010n10/61/train.tsv
../../comparison/data/linkphinder_raw_data/benchmark9010n10/61/scores.csv
../../comparison/data/linkphinder_raw_data/benchmark9010n10/61/test.tsv
../../comparison/data/linkphinder_raw_data/benchmark9010n1_cutillas20
../../comparison/data/linkphinder_raw_data/benchmark9010n1_cutillas20/61/train.tsv
../../comparison/data/linkphinder_raw_data/benchmark9010n1_cutillas20/61/test.tsv
../../comparison/data/linkphinder_raw_data/benchmark8020
../../comparison/data/linkphinder_raw_data/benchmark8020/61/train.tsv
../../comparison/data/linkphinder_raw_data/benchmark8020/61/scores.csv
../../comparison/data/linkphinder_raw_data/benchmark8020/61/test.tsv
../../comparison/data/linkphinder_raw_data/benchmark8020n10
../../comparison/data/linkphinder_raw_data/benchmark8020n10/61/train.tsv
../../comparison/data/linkphinder_raw_data/benchmark8020n10/61/scores.csv
../../comparison/data/linkphinder_raw_data/benchmark8020n10/61/test.tsv
../../comparison/data/linkphinder_raw_data/benchmark9010n1_cutillas20_filtered
../../comparison/data/linkphinder_raw_data/benchmark9010n1_cutillas20_filtered/61/train.tsv
../../comparison/data/linkphinder_raw_data/benchmark9010n1_cutillas20_filtered/61/scores.csv
../../comparison/data/linkphinder_raw_data/benchmark9010n1_cutillas20_filtered/61/test.tsv
../../comparison/data/linkphinder_raw_data/benchmark6040n10
../../comparison/data/linkphinder_raw_data/benchmark6040n10/61/train.tsv
../../comparison/data/linkphinder_raw_data/benchmark6040n10/61/scores.csv
../../comparison/data/linkphinder_raw_data/benchmark6040n10/61/test.tsv
../../comparison/data/linkphinder_raw_data/benchmark7030
../../comparison/data/linkphinder_raw_data/benchmark7030/61/train.tsv
../../comparison/data/linkphinder_raw_data/benchmark7030/61/scores.csv
../../comparison/data/linkphinder_raw_data/benchmark7030/61/test.tsv
../../comparison/data/linkphinder_raw_data/benchmark7030n10
../../comparison/data/linkphinder_raw_data/benchmark7030n10/61/train.tsv
../../comparison/data/linkphinder_raw_data/benchmark7030n10/61/scores.csv
../../comparison/data/linkphinder_raw_data/benchmark7030n10/61/test.tsv
../../comparison/data/linkphinder_raw_data/benchmark6040
../../comparison/data/linkphinder_raw_data/benchmark6040/61/train.tsv
../../comparison/data/linkphinder_raw_data/benchmark6040/61/scores.csv
../../comparison/data/linkphinder_raw_data/benchmark6040/61/test.tsv
../../comparison/data/linkphinder_raw_data/benchmark9010
../../comparison/data/linkphinder_raw_data/benchmark9010n10
../../comparison/data/linkphinder_raw_data/benchmark9010n1_cutillas20
../../comparison/data/linkphinder_raw_data/benchmark8020
../../comparison/data/linkphinder_raw_data/benchmark8020n10
../../comparison/data/linkphinder_raw_data/benchmark9010n1_cutillas20_filtered
../../comparison/data/linkphinder_raw_data/benchmark6040n10
../../comparison/data/linkphinder_raw_data/benchmark7030
../../comparison/data/linkphinder_raw_data/benchmark7030n10
../../comparison/data/linkphinder_raw_data/benchmark6040
7276
93538
Assessment 7---
